<?xml version="1.0" encoding="UTF-8"?>
<coverage generated="1772019530875" clover="3.2.0">
  <project timestamp="1772019530876" name="All files">
    <metrics statements="106" coveredstatements="85" conditionals="54" coveredconditionals="45" methods="36" coveredmethods="32" elements="196" coveredelements="162" complexity="0" loc="106" ncloc="106" packages="10" files="15" classes="15"/>
    <package name="components.structural.cargando">
      <metrics statements="9" coveredstatements="9" conditionals="6" coveredconditionals="6" methods="5" coveredmethods="5"/>
      <file name="Cargando.jsx" path="D:\aplicacion\GuatequeStore\Frontend\src\components\structural\cargando\Cargando.jsx">
        <metrics statements="9" coveredstatements="9" conditionals="6" coveredconditionals="6" methods="5" coveredmethods="5"/>
        <line num="5" count="12" type="stmt"/>
        <line num="7" count="12" type="stmt"/>
        <line num="9" count="9" type="stmt"/>
        <line num="12" count="9" type="stmt"/>
        <line num="13" count="7" type="cond" truecount="2" falsecount="0"/>
        <line num="16" count="9" type="stmt"/>
        <line num="17" count="9" type="stmt"/>
        <line num="18" count="9" type="stmt"/>
        <line num="22" count="12" type="stmt"/>
      </file>
    </package>
    <package name="context">
      <metrics statements="21" coveredstatements="2" conditionals="4" coveredconditionals="0" methods="4" coveredmethods="0"/>
      <file name="AuthContext.jsx" path="D:\aplicacion\GuatequeStore\Frontend\src\context\AuthContext.jsx">
        <metrics statements="21" coveredstatements="2" conditionals="4" coveredconditionals="0" methods="4" coveredmethods="0"/>
        <line num="3" count="2" type="stmt"/>
        <line num="5" count="2" type="stmt"/>
        <line num="6" count="0" type="stmt"/>
        <line num="7" count="0" type="stmt"/>
        <line num="9" count="0" type="stmt"/>
        <line num="10" count="0" type="stmt"/>
        <line num="11" count="0" type="stmt"/>
        <line num="12" count="0" type="cond" truecount="0" falsecount="4"/>
        <line num="13" count="0" type="stmt"/>
        <line num="14" count="0" type="stmt"/>
        <line num="18" count="0" type="stmt"/>
        <line num="19" count="0" type="stmt"/>
        <line num="20" count="0" type="stmt"/>
        <line num="21" count="0" type="stmt"/>
        <line num="22" count="0" type="stmt"/>
        <line num="28" count="0" type="stmt"/>
        <line num="29" count="0" type="stmt"/>
        <line num="30" count="0" type="stmt"/>
        <line num="31" count="0" type="stmt"/>
        <line num="32" count="0" type="stmt"/>
        <line num="35" count="0" type="stmt"/>
      </file>
    </package>
    <package name="pages.hombre">
      <metrics statements="1" coveredstatements="1" conditionals="0" coveredconditionals="0" methods="1" coveredmethods="1"/>
      <file name="Hombre.jsx" path="D:\aplicacion\GuatequeStore\Frontend\src\pages\hombre\Hombre.jsx">
        <metrics statements="1" coveredstatements="1" conditionals="0" coveredconditionals="0" methods="1" coveredmethods="1"/>
        <line num="5" count="3" type="stmt"/>
      </file>
      <file name="Hombre.module.css" path="D:\aplicacion\GuatequeStore\Frontend\src\pages\hombre\Hombre.module.css">
        <metrics statements="0" coveredstatements="0" conditionals="0" coveredconditionals="0" methods="0" coveredmethods="0"/>
      </file>
    </package>
    <package name="pages.inicio">
      <metrics statements="1" coveredstatements="1" conditionals="0" coveredconditionals="0" methods="1" coveredmethods="1"/>
      <file name="Inicio.jsx" path="D:\aplicacion\GuatequeStore\Frontend\src\pages\inicio\Inicio.jsx">
        <metrics statements="1" coveredstatements="1" conditionals="0" coveredconditionals="0" methods="1" coveredmethods="1"/>
        <line num="10" count="3" type="stmt"/>
      </file>
      <file name="Inicio.module.css" path="D:\aplicacion\GuatequeStore\Frontend\src\pages\inicio\Inicio.module.css">
        <metrics statements="0" coveredstatements="0" conditionals="0" coveredconditionals="0" methods="0" coveredmethods="0"/>
      </file>
    </package>
    <package name="pages.login">
      <metrics statements="19" coveredstatements="19" conditionals="8" coveredconditionals="6" methods="4" coveredmethods="4"/>
      <file name="Login.jsx" path="D:\aplicacion\GuatequeStore\Frontend\src\pages\login\Login.jsx">
        <metrics statements="19" coveredstatements="19" conditionals="8" coveredconditionals="6" methods="4" coveredmethods="4"/>
        <line num="8" count="141" type="stmt"/>
        <line num="9" count="141" type="stmt"/>
        <line num="10" count="141" type="stmt"/>
        <line num="11" count="141" type="stmt"/>
        <line num="12" count="141" type="stmt"/>
        <line num="14" count="141" type="stmt"/>
        <line num="15" count="5" type="stmt"/>
        <line num="16" count="5" type="stmt"/>
        <line num="17" count="5" type="stmt"/>
        <line num="18" count="5" type="stmt"/>
        <line num="23" count="3" type="stmt"/>
        <line num="26" count="3" type="cond" truecount="3" falsecount="1"/>
        <line num="27" count="1" type="stmt"/>
        <line num="29" count="1" type="stmt"/>
        <line num="30" count="1" type="cond" truecount="1" falsecount="1"/>
        <line num="32" count="4" type="stmt"/>
        <line num="36" count="141" type="stmt"/>
        <line num="44" count="82" type="stmt"/>
        <line num="51" count="39" type="stmt"/>
      </file>
      <file name="Login.module.css" path="D:\aplicacion\GuatequeStore\Frontend\src\pages\login\Login.module.css">
        <metrics statements="0" coveredstatements="0" conditionals="0" coveredconditionals="0" methods="0" coveredmethods="0"/>
      </file>
    </package>
    <package name="pages.mujer">
      <metrics statements="1" coveredstatements="1" conditionals="0" coveredconditionals="0" methods="1" coveredmethods="1"/>
      <file name="Mujer.jsx" path="D:\aplicacion\GuatequeStore\Frontend\src\pages\mujer\Mujer.jsx">
        <metrics statements="1" coveredstatements="1" conditionals="0" coveredconditionals="0" methods="1" coveredmethods="1"/>
        <line num="5" count="3" type="stmt"/>
      </file>
      <file name="Mujer.module.css" path="D:\aplicacion\GuatequeStore\Frontend\src\pages\mujer\Mujer.module.css">
        <metrics statements="0" coveredstatements="0" conditionals="0" coveredconditionals="0" methods="0" coveredmethods="0"/>
      </file>
    </package>
    <package name="pages.panel">
      <metrics statements="6" coveredstatements="6" conditionals="6" coveredconditionals="6" methods="4" coveredmethods="4"/>
      <file name="Panel.jsx" path="D:\aplicacion\GuatequeStore\Frontend\src\pages\panel\Panel.jsx">
        <metrics statements="6" coveredstatements="6" conditionals="6" coveredconditionals="6" methods="4" coveredmethods="4"/>
        <line num="11" count="3" type="stmt"/>
        <line num="13" count="3" type="stmt"/>
        <line num="21" count="3" type="stmt"/>
        <line num="28" count="15" type="stmt"/>
        <line num="30" count="1" type="stmt"/>
        <line num="47" count="12" type="cond" truecount="2" falsecount="0"/>
      </file>
    </package>
    <package name="pages.registro">
      <metrics statements="29" coveredstatements="27" conditionals="18" coveredconditionals="15" methods="6" coveredmethods="6"/>
      <file name="Registro.jsx" path="D:\aplicacion\GuatequeStore\Frontend\src\pages\registro\Registro.jsx">
        <metrics statements="29" coveredstatements="27" conditionals="18" coveredconditionals="15" methods="6" coveredmethods="6"/>
        <line num="8" count="1" type="stmt"/>
        <line num="16" count="69" type="stmt"/>
        <line num="17" count="69" type="stmt"/>
        <line num="18" count="69" type="stmt"/>
        <line num="19" count="69" type="stmt"/>
        <line num="20" count="69" type="stmt"/>
        <line num="21" count="69" type="stmt"/>
        <line num="23" count="69" type="stmt"/>
        <line num="24" count="47" type="stmt"/>
        <line num="25" count="47" type="stmt"/>
        <line num="28" count="69" type="stmt"/>
        <line num="29" count="13" type="stmt"/>
        <line num="30" count="13" type="stmt"/>
        <line num="31" count="13" type="stmt"/>
        <line num="32" count="13" type="stmt"/>
        <line num="35" count="69" type="stmt"/>
        <line num="36" count="1" type="stmt"/>
        <line num="37" count="1" type="stmt"/>
        <line num="38" count="1" type="stmt"/>
        <line num="39" count="1" type="cond" truecount="1" falsecount="1"/>
        <line num="41" count="1" type="stmt"/>
        <line num="42" count="1" type="stmt"/>
        <line num="44" count="1" type="stmt"/>
        <line num="51" count="1" type="stmt"/>
        <line num="52" count="1" type="stmt"/>
        <line num="54" count="0" type="stmt"/>
        <line num="55" count="0" type="cond" truecount="0" falsecount="2"/>
        <line num="57" count="1" type="stmt"/>
        <line num="61" count="69" type="stmt"/>
      </file>
      <file name="Registro.module.css" path="D:\aplicacion\GuatequeStore\Frontend\src\pages\registro\Registro.module.css">
        <metrics statements="0" coveredstatements="0" conditionals="0" coveredconditionals="0" methods="0" coveredmethods="0"/>
      </file>
    </package>
    <package name="server.crud.clientes.services">
      <metrics statements="8" coveredstatements="8" conditionals="0" coveredconditionals="0" methods="9" coveredmethods="9"/>
      <file name="clientesService.js" path="D:\aplicacion\GuatequeStore\Frontend\src\server\crud\clientes\services\clientesService.js">
        <metrics statements="8" coveredstatements="8" conditionals="0" coveredconditionals="0" methods="9" coveredmethods="9"/>
        <line num="3" count="1" type="stmt"/>
        <line num="5" count="1" type="stmt"/>
        <line num="6" count="3" type="stmt"/>
        <line num="7" count="2" type="stmt"/>
        <line num="8" count="5" type="stmt"/>
        <line num="10" count="2" type="stmt"/>
        <line num="11" count="2" type="stmt"/>
        <line num="12" count="2" type="stmt"/>
      </file>
    </package>
    <package name="validators">
      <metrics statements="11" coveredstatements="11" conditionals="12" coveredconditionals="12" methods="1" coveredmethods="1"/>
      <file name="registro.validator.js" path="D:\aplicacion\GuatequeStore\Frontend\src\validators\registro.validator.js">
        <metrics statements="11" coveredstatements="11" conditionals="12" coveredconditionals="12" methods="1" coveredmethods="1"/>
        <line num="2" count="2" type="stmt"/>
        <line num="3" count="24" type="stmt"/>
        <line num="5" count="24" type="cond" truecount="2" falsecount="0"/>
        <line num="6" count="12" type="stmt"/>
        <line num="8" count="24" type="cond" truecount="4" falsecount="0"/>
        <line num="9" count="14" type="stmt"/>
        <line num="11" count="24" type="cond" truecount="4" falsecount="0"/>
        <line num="12" count="12" type="stmt"/>
        <line num="14" count="24" type="cond" truecount="2" falsecount="0"/>
        <line num="15" count="5" type="stmt"/>
        <line num="17" count="24" type="stmt"/>
      </file>
    </package>
  </project>
</coverage>
