{"D:\\aplicacion\\GuatequeStore\\Frontend\\src\\components\\structural\\cargando\\Cargando.jsx": {"path":"D:\\aplicacion\\GuatequeStore\\Frontend\\src\\components\\structural\\cargando\\Cargando.jsx","statementMap":{"0":{"start":{"line":5,"column":28},"end":{"line":5,"column":null}},"1":{"start":{"line":7,"column":2},"end":{"line":20,"column":null}},"2":{"start":{"line":9,"column":18},"end":{"line":9,"column":null}},"3":{"start":{"line":9,"column":35},"end":{"line":9,"column":53}},"4":{"start":{"line":12,"column":21},"end":{"line":14,"column":null}},"5":{"start":{"line":13,"column":6},"end":{"line":13,"column":null}},"6":{"start":{"line":13,"column":20},"end":{"line":13,"column":null}},"7":{"start":{"line":16,"column":4},"end":{"line":19,"column":null}},"8":{"start":{"line":17,"column":6},"end":{"line":17,"column":null}},"9":{"start":{"line":18,"column":6},"end":{"line":18,"column":null}},"10":{"start":{"line":22,"column":2},"end":{"line":27,"column":null}}},"fnMap":{"0":{"name":"Cargando","decl":{"start":{"line":4,"column":24},"end":{"line":4,"column":33}},"loc":{"start":{"line":4,"column":47},"end":{"line":29,"column":null}},"line":4},"1":{"name":"(anonymous_1)","decl":{"start":{"line":7,"column":12},"end":{"line":7,"column":18}},"loc":{"start":{"line":7,"column":18},"end":{"line":20,"column":5}},"line":7},"2":{"name":"(anonymous_2)","decl":{"start":{"line":9,"column":29},"end":{"line":9,"column":35}},"loc":{"start":{"line":9,"column":35},"end":{"line":9,"column":53}},"line":9},"3":{"name":"(anonymous_3)","decl":{"start":{"line":12,"column":32},"end":{"line":12,"column":38}},"loc":{"start":{"line":12,"column":38},"end":{"line":14,"column":7}},"line":12},"4":{"name":"(anonymous_4)","decl":{"start":{"line":16,"column":11},"end":{"line":16,"column":17}},"loc":{"start":{"line":16,"column":17},"end":{"line":19,"column":null}},"line":16}},"branchMap":{"0":{"loc":{"start":{"line":13,"column":6},"end":{"line":13,"column":null}},"type":"if","locations":[{"start":{"line":13,"column":6},"end":{"line":13,"column":null}},{"start":{},"end":{}}],"line":13},"1":{"loc":{"start":{"line":25,"column":43},"end":{"line":25,"column":79}},"type":"cond-expr","locations":[{"start":{"line":25,"column":53},"end":{"line":25,"column":77}},{"start":{"line":25,"column":77},"end":{"line":25,"column":79}}],"line":25},"2":{"loc":{"start":{"line":26,"column":43},"end":{"line":26,"column":79}},"type":"cond-expr","locations":[{"start":{"line":26,"column":53},"end":{"line":26,"column":77}},{"start":{"line":26,"column":77},"end":{"line":26,"column":79}}],"line":26}},"s":{"0":12,"1":12,"2":9,"3":7,"4":9,"5":7,"6":2,"7":9,"8":9,"9":9,"10":12},"f":{"0":12,"1":9,"2":7,"3":7,"4":9},"b":{"0":[2,5],"1":[3,9],"2":[3,9]},"meta":{"lastBranch":3,"lastFunction":5,"lastStatement":11,"seen":{"f:4:24:4:33":0,"s:5:28:5:Infinity":0,"s:7:2:20:Infinity":1,"f:7:12:7:18":1,"s:9:18:9:Infinity":2,"f:9:29:9:35":2,"s:9:35:9:53":3,"s:12:21:14:Infinity":4,"f:12:32:12:38":3,"b:13:6:13:Infinity:undefined:undefined:undefined:undefined":0,"s:13:6:13:Infinity":5,"s:13:20:13:Infinity":6,"s:16:4:19:Infinity":7,"f:16:11:16:17":4,"s:17:6:17:Infinity":8,"s:18:6:18:Infinity":9,"s:22:2:27:Infinity":10,"b:25:53:25:77:25:77:25:79":1,"b:26:53:26:77:26:77:26:79":2}}}
,"D:\\aplicacion\\GuatequeStore\\Frontend\\src\\components\\structural\\error\\ErrorBoundary.jsx": {"path":"D:\\aplicacion\\GuatequeStore\\Frontend\\src\\components\\structural\\error\\ErrorBoundary.jsx","statementMap":{"0":{"start":{"line":6,"column":4},"end":{"line":6,"column":null}},"1":{"start":{"line":7,"column":4},"end":{"line":7,"column":null}},"2":{"start":{"line":11,"column":4},"end":{"line":11,"column":null}},"3":{"start":{"line":15,"column":4},"end":{"line":15,"column":null}},"4":{"start":{"line":19,"column":4},"end":{"line":25,"column":null}},"5":{"start":{"line":20,"column":6},"end":{"line":23,"column":null}},"6":{"start":{"line":26,"column":4},"end":{"line":26,"column":null}}},"fnMap":{"0":{"name":"(anonymous_0)","decl":{"start":{"line":5,"column":2},"end":{"line":5,"column":14}},"loc":{"start":{"line":5,"column":21},"end":{"line":8,"column":null}},"line":5},"1":{"name":"(anonymous_1)","decl":{"start":{"line":10,"column":9},"end":{"line":10,"column":34}},"loc":{"start":{"line":10,"column":41},"end":{"line":12,"column":null}},"line":10},"2":{"name":"(anonymous_2)","decl":{"start":{"line":14,"column":2},"end":{"line":14,"column":20}},"loc":{"start":{"line":14,"column":38},"end":{"line":16,"column":null}},"line":14},"3":{"name":"(anonymous_3)","decl":{"start":{"line":18,"column":2},"end":{"line":18,"column":11}},"loc":{"start":{"line":18,"column":11},"end":{"line":27,"column":null}},"line":18}},"branchMap":{"0":{"loc":{"start":{"line":19,"column":4},"end":{"line":25,"column":null}},"type":"if","locations":[{"start":{"line":19,"column":4},"end":{"line":25,"column":null}},{"start":{},"end":{}}],"line":19}},"s":{"0":13,"1":13,"2":12,"3":6,"4":26,"5":12,"6":14},"f":{"0":13,"1":1,"2":6,"3":26},"b":{"0":[12,14]},"meta":{"lastBranch":1,"lastFunction":4,"lastStatement":7,"seen":{"f:5:2:5:14":0,"s:6:4:6:Infinity":0,"s:7:4:7:Infinity":1,"f:10:9:10:34":1,"s:11:4:11:Infinity":2,"f:14:2:14:20":2,"s:15:4:15:Infinity":3,"f:18:2:18:11":3,"b:19:4:25:Infinity:undefined:undefined:undefined:undefined":0,"s:19:4:25:Infinity":4,"s:20:6:23:Infinity":5,"s:26:4:26:Infinity":6}}}
,"D:\\aplicacion\\GuatequeStore\\Frontend\\src\\context\\AuthContext.jsx": {"path":"D:\\aplicacion\\GuatequeStore\\Frontend\\src\\context\\AuthContext.jsx","statementMap":{"0":{"start":{"line":3,"column":13},"end":{"line":3,"column":null}},"1":{"start":{"line":5,"column":28},"end":{"line":47,"column":null}},"2":{"start":{"line":6,"column":24},"end":{"line":6,"column":null}},"3":{"start":{"line":7,"column":26},"end":{"line":7,"column":null}},"4":{"start":{"line":9,"column":4},"end":{"line":23,"column":null}},"5":{"start":{"line":10,"column":8},"end":{"line":22,"column":null}},"6":{"start":{"line":11,"column":31},"end":{"line":11,"column":null}},"7":{"start":{"line":12,"column":30},"end":{"line":12,"column":null}},"8":{"start":{"line":13,"column":12},"end":{"line":16,"column":null}},"9":{"start":{"line":14,"column":16},"end":{"line":14,"column":null}},"10":{"start":{"line":15,"column":16},"end":{"line":15,"column":null}},"11":{"start":{"line":18,"column":12},"end":{"line":18,"column":null}},"12":{"start":{"line":20,"column":12},"end":{"line":20,"column":null}},"13":{"start":{"line":21,"column":12},"end":{"line":21,"column":null}},"14":{"start":{"line":25,"column":18},"end":{"line":33,"column":null}},"15":{"start":{"line":26,"column":8},"end":{"line":26,"column":null}},"16":{"start":{"line":27,"column":8},"end":{"line":27,"column":null}},"17":{"start":{"line":28,"column":8},"end":{"line":28,"column":null}},"18":{"start":{"line":29,"column":8},"end":{"line":32,"column":null}},"19":{"start":{"line":35,"column":19},"end":{"line":40,"column":null}},"20":{"start":{"line":36,"column":8},"end":{"line":36,"column":null}},"21":{"start":{"line":37,"column":8},"end":{"line":37,"column":null}},"22":{"start":{"line":38,"column":8},"end":{"line":38,"column":null}},"23":{"start":{"line":39,"column":8},"end":{"line":39,"column":null}},"24":{"start":{"line":42,"column":4},"end":{"line":45,"column":null}}},"fnMap":{"0":{"name":"(anonymous_0)","decl":{"start":{"line":5,"column":28},"end":{"line":5,"column":29}},"loc":{"start":{"line":5,"column":46},"end":{"line":47,"column":null}},"line":5},"1":{"name":"(anonymous_1)","decl":{"start":{"line":9,"column":14},"end":{"line":9,"column":20}},"loc":{"start":{"line":9,"column":20},"end":{"line":23,"column":7}},"line":9},"2":{"name":"(anonymous_2)","decl":{"start":{"line":25,"column":18},"end":{"line":25,"column":19}},"loc":{"start":{"line":25,"column":28},"end":{"line":33,"column":null}},"line":25},"3":{"name":"(anonymous_3)","decl":{"start":{"line":35,"column":19},"end":{"line":35,"column":25}},"loc":{"start":{"line":35,"column":25},"end":{"line":40,"column":null}},"line":35}},"branchMap":{"0":{"loc":{"start":{"line":13,"column":12},"end":{"line":16,"column":null}},"type":"if","locations":[{"start":{"line":13,"column":12},"end":{"line":16,"column":null}},{"start":{},"end":{}}],"line":13},"1":{"loc":{"start":{"line":13,"column":16},"end":{"line":13,"column":41}},"type":"binary-expr","locations":[{"start":{"line":13,"column":16},"end":{"line":13,"column":30}},{"start":{"line":13,"column":30},"end":{"line":13,"column":41}}],"line":13}},"s":{"0":3,"1":3,"2":15,"3":15,"4":15,"5":8,"6":8,"7":8,"8":8,"9":3,"10":3,"11":1,"12":1,"13":1,"14":15,"15":3,"16":3,"17":3,"18":3,"19":15,"20":1,"21":1,"22":1,"23":1,"24":15},"f":{"0":15,"1":8,"2":3,"3":1},"b":{"0":[3,5],"1":[8,4]},"meta":{"lastBranch":2,"lastFunction":4,"lastStatement":25,"seen":{"s:3:13:3:Infinity":0,"s:5:28:47:Infinity":1,"f:5:28:5:29":0,"s:6:24:6:Infinity":2,"s:7:26:7:Infinity":3,"s:9:4:23:Infinity":4,"f:9:14:9:20":1,"s:10:8:22:Infinity":5,"s:11:31:11:Infinity":6,"s:12:30:12:Infinity":7,"b:13:12:16:Infinity:undefined:undefined:undefined:undefined":0,"s:13:12:16:Infinity":8,"b:13:16:13:30:13:30:13:41":1,"s:14:16:14:Infinity":9,"s:15:16:15:Infinity":10,"s:18:12:18:Infinity":11,"s:20:12:20:Infinity":12,"s:21:12:21:Infinity":13,"s:25:18:33:Infinity":14,"f:25:18:25:19":2,"s:26:8:26:Infinity":15,"s:27:8:27:Infinity":16,"s:28:8:28:Infinity":17,"s:29:8:32:Infinity":18,"s:35:19:40:Infinity":19,"f:35:19:35:25":3,"s:36:8:36:Infinity":20,"s:37:8:37:Infinity":21,"s:38:8:38:Infinity":22,"s:39:8:39:Infinity":23,"s:42:4:45:Infinity":24}}}
,"D:\\aplicacion\\GuatequeStore\\Frontend\\src\\pages\\hombre\\Hombre.jsx": {"path":"D:\\aplicacion\\GuatequeStore\\Frontend\\src\\pages\\hombre\\Hombre.jsx","statementMap":{"0":{"start":{"line":5,"column":2},"end":{"line":92,"column":null}}},"fnMap":{"0":{"name":"Hombre","decl":{"start":{"line":4,"column":24},"end":{"line":4,"column":33}},"loc":{"start":{"line":4,"column":33},"end":{"line":94,"column":null}},"line":4}},"branchMap":{},"s":{"0":3},"f":{"0":3},"b":{},"meta":{"lastBranch":0,"lastFunction":1,"lastStatement":1,"seen":{"f:4:24:4:33":0,"s:5:2:92:Infinity":0}}}
,"D:\\aplicacion\\GuatequeStore\\Frontend\\src\\pages\\hombre\\Hombre.module.css": {"path":"D:\\aplicacion\\GuatequeStore\\Frontend\\src\\pages\\hombre\\Hombre.module.css","statementMap":{},"fnMap":{},"branchMap":{},"s":{},"f":{},"b":{},"meta":{"lastBranch":0,"lastFunction":0,"lastStatement":0,"seen":{}}}
,"D:\\aplicacion\\GuatequeStore\\Frontend\\src\\pages\\inicio\\Inicio.jsx": {"path":"D:\\aplicacion\\GuatequeStore\\Frontend\\src\\pages\\inicio\\Inicio.jsx","statementMap":{"0":{"start":{"line":10,"column":2},"end":{"line":222,"column":null}}},"fnMap":{"0":{"name":"Inicio","decl":{"start":{"line":9,"column":24},"end":{"line":9,"column":33}},"loc":{"start":{"line":9,"column":33},"end":{"line":224,"column":null}},"line":9}},"branchMap":{},"s":{"0":3},"f":{"0":3},"b":{},"meta":{"lastBranch":0,"lastFunction":1,"lastStatement":1,"seen":{"f:9:24:9:33":0,"s:10:2:222:Infinity":0}}}
,"D:\\aplicacion\\GuatequeStore\\Frontend\\src\\pages\\inicio\\Inicio.module.css": {"path":"D:\\aplicacion\\GuatequeStore\\Frontend\\src\\pages\\inicio\\Inicio.module.css","statementMap":{},"fnMap":{},"branchMap":{},"s":{},"f":{},"b":{},"meta":{"lastBranch":0,"lastFunction":0,"lastStatement":0,"seen":{}}}
,"D:\\aplicacion\\GuatequeStore\\Frontend\\src\\pages\\login\\Login.jsx": {"path":"D:\\aplicacion\\GuatequeStore\\Frontend\\src\\pages\\login\\Login.jsx","statementMap":{"0":{"start":{"line":8,"column":24},"end":{"line":8,"column":null}},"1":{"start":{"line":9,"column":30},"end":{"line":9,"column":null}},"2":{"start":{"line":10,"column":28},"end":{"line":10,"column":null}},"3":{"start":{"line":11,"column":16},"end":{"line":11,"column":null}},"4":{"start":{"line":12,"column":8},"end":{"line":12,"column":null}},"5":{"start":{"line":14,"column":23},"end":{"line":34,"column":null}},"6":{"start":{"line":15,"column":4},"end":{"line":15,"column":null}},"7":{"start":{"line":16,"column":4},"end":{"line":33,"column":null}},"8":{"start":{"line":17,"column":6},"end":{"line":17,"column":null}},"9":{"start":{"line":18,"column":18},"end":{"line":21,"column":null}},"10":{"start":{"line":23,"column":6},"end":{"line":23,"column":null}},"11":{"start":{"line":26,"column":6},"end":{"line":27,"column":null}},"12":{"start":{"line":26,"column":38},"end":{"line":26,"column":null}},"13":{"start":{"line":26,"column":57},"end":{"line":27,"column":null}},"14":{"start":{"line":27,"column":49},"end":{"line":27,"column":null}},"15":{"start":{"line":29,"column":6},"end":{"line":29,"column":null}},"16":{"start":{"line":30,"column":6},"end":{"line":30,"column":null}},"17":{"start":{"line":32,"column":6},"end":{"line":32,"column":null}},"18":{"start":{"line":36,"column":2},"end":{"line":58,"column":null}},"19":{"start":{"line":44,"column":27},"end":{"line":44,"column":null}},"20":{"start":{"line":51,"column":27},"end":{"line":51,"column":null}}},"fnMap":{"0":{"name":"Login","decl":{"start":{"line":7,"column":24},"end":{"line":7,"column":32}},"loc":{"start":{"line":7,"column":32},"end":{"line":60,"column":null}},"line":7},"1":{"name":"(anonymous_1)","decl":{"start":{"line":14,"column":23},"end":{"line":14,"column":30}},"loc":{"start":{"line":14,"column":36},"end":{"line":34,"column":null}},"line":14},"2":{"name":"(anonymous_2)","decl":{"start":{"line":44,"column":20},"end":{"line":44,"column":21}},"loc":{"start":{"line":44,"column":27},"end":{"line":44,"column":null}},"line":44},"3":{"name":"(anonymous_3)","decl":{"start":{"line":51,"column":20},"end":{"line":51,"column":21}},"loc":{"start":{"line":51,"column":27},"end":{"line":51,"column":null}},"line":51}},"branchMap":{"0":{"loc":{"start":{"line":26,"column":6},"end":{"line":27,"column":null}},"type":"if","locations":[{"start":{"line":26,"column":6},"end":{"line":27,"column":null}},{"start":{"line":26,"column":57},"end":{"line":27,"column":null}}],"line":26},"1":{"loc":{"start":{"line":26,"column":57},"end":{"line":27,"column":null}},"type":"if","locations":[{"start":{"line":26,"column":57},"end":{"line":27,"column":null}},{"start":{},"end":{}}],"line":26},"2":{"loc":{"start":{"line":30,"column":12},"end":{"line":30,"column":68}},"type":"binary-expr","locations":[{"start":{"line":30,"column":12},"end":{"line":30,"column":43}},{"start":{"line":30,"column":43},"end":{"line":30,"column":68}}],"line":30},"3":{"loc":{"start":{"line":55,"column":11},"end":{"line":55,"column":null}},"type":"cond-expr","locations":[{"start":{"line":55,"column":21},"end":{"line":55,"column":37}},{"start":{"line":55,"column":37},"end":{"line":55,"column":null}}],"line":55}},"s":{"0":141,"1":141,"2":141,"3":141,"4":141,"5":141,"6":5,"7":5,"8":5,"9":5,"10":3,"11":3,"12":2,"13":1,"14":1,"15":1,"16":1,"17":4,"18":141,"19":82,"20":39},"f":{"0":141,"1":5,"2":82,"3":39},"b":{"0":[2,1],"1":[1,0],"2":[1,0],"3":[5,136]},"meta":{"lastBranch":4,"lastFunction":4,"lastStatement":21,"seen":{"f:7:24:7:32":0,"s:8:24:8:Infinity":0,"s:9:30:9:Infinity":1,"s:10:28:10:Infinity":2,"s:11:16:11:Infinity":3,"s:12:8:12:Infinity":4,"s:14:23:34:Infinity":5,"f:14:23:14:30":1,"s:15:4:15:Infinity":6,"s:16:4:33:Infinity":7,"s:17:6:17:Infinity":8,"s:18:18:21:Infinity":9,"s:23:6:23:Infinity":10,"b:26:6:27:Infinity:26:57:27:Infinity":0,"s:26:6:27:Infinity":11,"s:26:38:26:Infinity":12,"b:26:57:27:Infinity:undefined:undefined:undefined:undefined":1,"s:26:57:27:Infinity":13,"s:27:49:27:Infinity":14,"s:29:6:29:Infinity":15,"s:30:6:30:Infinity":16,"b:30:12:30:43:30:43:30:68":2,"s:32:6:32:Infinity":17,"s:36:2:58:Infinity":18,"f:44:20:44:21":2,"s:44:27:44:Infinity":19,"f:51:20:51:21":3,"s:51:27:51:Infinity":20,"b:55:21:55:37:55:37:55:Infinity":3}}}
,"D:\\aplicacion\\GuatequeStore\\Frontend\\src\\pages\\login\\Login.module.css": {"path":"D:\\aplicacion\\GuatequeStore\\Frontend\\src\\pages\\login\\Login.module.css","statementMap":{},"fnMap":{},"branchMap":{},"s":{},"f":{},"b":{},"meta":{"lastBranch":0,"lastFunction":0,"lastStatement":0,"seen":{}}}
,"D:\\aplicacion\\GuatequeStore\\Frontend\\src\\pages\\mujer\\Mujer.jsx": {"path":"D:\\aplicacion\\GuatequeStore\\Frontend\\src\\pages\\mujer\\Mujer.jsx","statementMap":{"0":{"start":{"line":5,"column":2},"end":{"line":98,"column":null}}},"fnMap":{"0":{"name":"Mujer","decl":{"start":{"line":4,"column":24},"end":{"line":4,"column":32}},"loc":{"start":{"line":4,"column":32},"end":{"line":100,"column":null}},"line":4}},"branchMap":{},"s":{"0":3},"f":{"0":3},"b":{},"meta":{"lastBranch":0,"lastFunction":1,"lastStatement":1,"seen":{"f:4:24:4:32":0,"s:5:2:98:Infinity":0}}}
,"D:\\aplicacion\\GuatequeStore\\Frontend\\src\\pages\\mujer\\Mujer.module.css": {"path":"D:\\aplicacion\\GuatequeStore\\Frontend\\src\\pages\\mujer\\Mujer.module.css","statementMap":{},"fnMap":{},"branchMap":{},"s":{},"f":{},"b":{},"meta":{"lastBranch":0,"lastFunction":0,"lastStatement":0,"seen":{}}}
,"D:\\aplicacion\\GuatequeStore\\Frontend\\src\\pages\\panel\\Panel.jsx": {"path":"D:\\aplicacion\\GuatequeStore\\Frontend\\src\\pages\\panel\\Panel.jsx","statementMap":{"0":{"start":{"line":11,"column":34},"end":{"line":11,"column":null}},"1":{"start":{"line":13,"column":16},"end":{"line":19,"column":null}},"2":{"start":{"line":21,"column":2},"end":{"line":49,"column":null}},"3":{"start":{"line":28,"column":10},"end":{"line":42,"column":null}},"4":{"start":{"line":30,"column":27},"end":{"line":30,"column":null}},"5":{"start":{"line":47,"column":25},"end":{"line":47,"column":46}}},"fnMap":{"0":{"name":"Panel","decl":{"start":{"line":10,"column":24},"end":{"line":10,"column":32}},"loc":{"start":{"line":10,"column":32},"end":{"line":51,"column":null}},"line":10},"1":{"name":"(anonymous_1)","decl":{"start":{"line":27,"column":19},"end":{"line":27,"column":null}},"loc":{"start":{"line":28,"column":10},"end":{"line":42,"column":null}},"line":28},"2":{"name":"(anonymous_2)","decl":{"start":{"line":30,"column":21},"end":{"line":30,"column":27}},"loc":{"start":{"line":30,"column":27},"end":{"line":30,"column":null}},"line":30},"3":{"name":"(anonymous_3)","decl":{"start":{"line":47,"column":20},"end":{"line":47,"column":25}},"loc":{"start":{"line":47,"column":25},"end":{"line":47,"column":46}},"line":47}},"branchMap":{"0":{"loc":{"start":{"line":35,"column":31},"end":{"line":35,"column":null}},"type":"cond-expr","locations":[{"start":{"line":35,"column":55},"end":{"line":35,"column":67}},{"start":{"line":35,"column":67},"end":{"line":35,"column":null}}],"line":35},"1":{"loc":{"start":{"line":36,"column":21},"end":{"line":36,"column":null}},"type":"cond-expr","locations":[{"start":{"line":36,"column":45},"end":{"line":36,"column":54}},{"start":{"line":36,"column":54},"end":{"line":36,"column":null}}],"line":36},"2":{"loc":{"start":{"line":47,"column":9},"end":{"line":47,"column":null}},"type":"binary-expr","locations":[{"start":{"line":47,"column":9},"end":{"line":47,"column":62}},{"start":{"line":47,"column":62},"end":{"line":47,"column":null}}],"line":47}},"s":{"0":3,"1":3,"2":3,"3":15,"4":1,"5":12},"f":{"0":3,"1":15,"2":1,"3":12},"b":{"0":[1,14],"1":[1,14],"2":[3,2]},"meta":{"lastBranch":3,"lastFunction":4,"lastStatement":6,"seen":{"f:10:24:10:32":0,"s:11:34:11:Infinity":0,"s:13:16:19:Infinity":1,"s:21:2:49:Infinity":2,"f:27:19:27:Infinity":1,"s:28:10:42:Infinity":3,"f:30:21:30:27":2,"s:30:27:30:Infinity":4,"b:35:55:35:67:35:67:35:Infinity":0,"b:36:45:36:54:36:54:36:Infinity":1,"b:47:9:47:62:47:62:47:Infinity":2,"f:47:20:47:25":3,"s:47:25:47:46":5}}}
,"D:\\aplicacion\\GuatequeStore\\Frontend\\src\\pages\\registro\\Registro.jsx": {"path":"D:\\aplicacion\\GuatequeStore\\Frontend\\src\\pages\\registro\\Registro.jsx","statementMap":{"0":{"start":{"line":8,"column":20},"end":{"line":13,"column":null}},"1":{"start":{"line":16,"column":22},"end":{"line":16,"column":null}},"2":{"start":{"line":17,"column":26},"end":{"line":17,"column":null}},"3":{"start":{"line":18,"column":28},"end":{"line":18,"column":null}},"4":{"start":{"line":19,"column":28},"end":{"line":19,"column":null}},"5":{"start":{"line":20,"column":16},"end":{"line":20,"column":null}},"6":{"start":{"line":21,"column":8},"end":{"line":21,"column":null}},"7":{"start":{"line":23,"column":23},"end":{"line":26,"column":null}},"8":{"start":{"line":24,"column":28},"end":{"line":24,"column":null}},"9":{"start":{"line":25,"column":4},"end":{"line":25,"column":null}},"10":{"start":{"line":25,"column":23},"end":{"line":25,"column":50}},"11":{"start":{"line":28,"column":21},"end":{"line":33,"column":null}},"12":{"start":{"line":29,"column":21},"end":{"line":29,"column":null}},"13":{"start":{"line":30,"column":4},"end":{"line":30,"column":null}},"14":{"start":{"line":30,"column":26},"end":{"line":30,"column":52}},"15":{"start":{"line":31,"column":10},"end":{"line":31,"column":null}},"16":{"start":{"line":32,"column":4},"end":{"line":32,"column":null}},"17":{"start":{"line":35,"column":23},"end":{"line":59,"column":null}},"18":{"start":{"line":36,"column":4},"end":{"line":36,"column":null}},"19":{"start":{"line":37,"column":10},"end":{"line":37,"column":null}},"20":{"start":{"line":38,"column":4},"end":{"line":38,"column":null}},"21":{"start":{"line":39,"column":4},"end":{"line":39,"column":null}},"22":{"start":{"line":39,"column":50},"end":{"line":39,"column":null}},"23":{"start":{"line":41,"column":4},"end":{"line":58,"column":null}},"24":{"start":{"line":42,"column":6},"end":{"line":42,"column":null}},"25":{"start":{"line":44,"column":18},"end":{"line":48,"column":null}},"26":{"start":{"line":51,"column":6},"end":{"line":51,"column":null}},"27":{"start":{"line":52,"column":6},"end":{"line":52,"column":null}},"28":{"start":{"line":54,"column":6},"end":{"line":54,"column":null}},"29":{"start":{"line":55,"column":6},"end":{"line":55,"column":null}},"30":{"start":{"line":57,"column":6},"end":{"line":57,"column":null}},"31":{"start":{"line":61,"column":2},"end":{"line":120,"column":null}}},"fnMap":{"0":{"name":"Registro","decl":{"start":{"line":15,"column":24},"end":{"line":15,"column":35}},"loc":{"start":{"line":15,"column":35},"end":{"line":122,"column":null}},"line":15},"1":{"name":"(anonymous_1)","decl":{"start":{"line":23,"column":23},"end":{"line":23,"column":24}},"loc":{"start":{"line":23,"column":30},"end":{"line":26,"column":null}},"line":23},"2":{"name":"(anonymous_2)","decl":{"start":{"line":25,"column":12},"end":{"line":25,"column":13}},"loc":{"start":{"line":25,"column":23},"end":{"line":25,"column":50}},"line":25},"3":{"name":"(anonymous_3)","decl":{"start":{"line":28,"column":21},"end":{"line":28,"column":22}},"loc":{"start":{"line":28,"column":28},"end":{"line":33,"column":null}},"line":28},"4":{"name":"(anonymous_4)","decl":{"start":{"line":30,"column":15},"end":{"line":30,"column":16}},"loc":{"start":{"line":30,"column":26},"end":{"line":30,"column":52}},"line":30},"5":{"name":"(anonymous_5)","decl":{"start":{"line":35,"column":23},"end":{"line":35,"column":30}},"loc":{"start":{"line":35,"column":36},"end":{"line":59,"column":null}},"line":35}},"branchMap":{"0":{"loc":{"start":{"line":39,"column":4},"end":{"line":39,"column":null}},"type":"if","locations":[{"start":{"line":39,"column":4},"end":{"line":39,"column":null}},{"start":{},"end":{}}],"line":39},"1":{"loc":{"start":{"line":55,"column":12},"end":{"line":55,"column":63}},"type":"binary-expr","locations":[{"start":{"line":55,"column":12},"end":{"line":55,"column":43}},{"start":{"line":55,"column":43},"end":{"line":55,"column":63}}],"line":55},"2":{"loc":{"start":{"line":73,"column":9},"end":{"line":74,"column":null}},"type":"binary-expr","locations":[{"start":{"line":73,"column":9},"end":{"line":73,"column":27}},{"start":{"line":73,"column":27},"end":{"line":73,"column":null}},{"start":{"line":74,"column":10},"end":{"line":74,"column":null}}],"line":73},"3":{"loc":{"start":{"line":86,"column":9},"end":{"line":87,"column":null}},"type":"binary-expr","locations":[{"start":{"line":86,"column":9},"end":{"line":86,"column":26}},{"start":{"line":86,"column":26},"end":{"line":86,"column":null}},{"start":{"line":87,"column":10},"end":{"line":87,"column":null}}],"line":86},"4":{"loc":{"start":{"line":99,"column":9},"end":{"line":100,"column":null}},"type":"binary-expr","locations":[{"start":{"line":99,"column":9},"end":{"line":99,"column":29}},{"start":{"line":99,"column":29},"end":{"line":99,"column":null}},{"start":{"line":100,"column":10},"end":{"line":100,"column":null}}],"line":99},"5":{"loc":{"start":{"line":112,"column":9},"end":{"line":113,"column":null}},"type":"binary-expr","locations":[{"start":{"line":112,"column":9},"end":{"line":112,"column":28}},{"start":{"line":112,"column":28},"end":{"line":112,"column":null}},{"start":{"line":113,"column":10},"end":{"line":113,"column":null}}],"line":112},"6":{"loc":{"start":{"line":117,"column":11},"end":{"line":117,"column":null}},"type":"cond-expr","locations":[{"start":{"line":117,"column":21},"end":{"line":117,"column":40}},{"start":{"line":117,"column":40},"end":{"line":117,"column":null}}],"line":117}},"s":{"0":1,"1":69,"2":69,"3":69,"4":69,"5":69,"6":69,"7":69,"8":47,"9":47,"10":47,"11":69,"12":13,"13":13,"14":13,"15":13,"16":13,"17":69,"18":1,"19":1,"20":1,"21":1,"22":0,"23":1,"24":1,"25":1,"26":1,"27":1,"28":0,"29":0,"30":1,"31":69},"f":{"0":69,"1":47,"2":47,"3":13,"4":13,"5":1},"b":{"0":[0,1],"1":[0,0],"2":[69,36,5],"3":[69,21,4],"4":[69,21,3],"5":[69,5,1],"6":[1,68]},"meta":{"lastBranch":7,"lastFunction":6,"lastStatement":32,"seen":{"s:8:20:13:Infinity":0,"f:15:24:15:35":0,"s:16:22:16:Infinity":1,"s:17:26:17:Infinity":2,"s:18:28:18:Infinity":3,"s:19:28:19:Infinity":4,"s:20:16:20:Infinity":5,"s:21:8:21:Infinity":6,"s:23:23:26:Infinity":7,"f:23:23:23:24":1,"s:24:28:24:Infinity":8,"s:25:4:25:Infinity":9,"f:25:12:25:13":2,"s:25:23:25:50":10,"s:28:21:33:Infinity":11,"f:28:21:28:22":3,"s:29:21:29:Infinity":12,"s:30:4:30:Infinity":13,"f:30:15:30:16":4,"s:30:26:30:52":14,"s:31:10:31:Infinity":15,"s:32:4:32:Infinity":16,"s:35:23:59:Infinity":17,"f:35:23:35:30":5,"s:36:4:36:Infinity":18,"s:37:10:37:Infinity":19,"s:38:4:38:Infinity":20,"b:39:4:39:Infinity:undefined:undefined:undefined:undefined":0,"s:39:4:39:Infinity":21,"s:39:50:39:Infinity":22,"s:41:4:58:Infinity":23,"s:42:6:42:Infinity":24,"s:44:18:48:Infinity":25,"s:51:6:51:Infinity":26,"s:52:6:52:Infinity":27,"s:54:6:54:Infinity":28,"s:55:6:55:Infinity":29,"b:55:12:55:43:55:43:55:63":1,"s:57:6:57:Infinity":30,"s:61:2:120:Infinity":31,"b:73:9:73:27:73:27:73:Infinity:74:10:74:Infinity":2,"b:86:9:86:26:86:26:86:Infinity:87:10:87:Infinity":3,"b:99:9:99:29:99:29:99:Infinity:100:10:100:Infinity":4,"b:112:9:112:28:112:28:112:Infinity:113:10:113:Infinity":5,"b:117:21:117:40:117:40:117:Infinity":6}}}
,"D:\\aplicacion\\GuatequeStore\\Frontend\\src\\pages\\registro\\Registro.module.css": {"path":"D:\\aplicacion\\GuatequeStore\\Frontend\\src\\pages\\registro\\Registro.module.css","statementMap":{},"fnMap":{},"branchMap":{},"s":{},"f":{},"b":{},"meta":{"lastBranch":0,"lastFunction":0,"lastStatement":0,"seen":{}}}
,"D:\\aplicacion\\GuatequeStore\\Frontend\\src\\server\\crud\\clientes\\services\\clientesService.js": {"path":"D:\\aplicacion\\GuatequeStore\\Frontend\\src\\server\\crud\\clientes\\services\\clientesService.js","statementMap":{"0":{"start":{"line":3,"column":16},"end":{"line":3,"column":27}},"1":{"start":{"line":5,"column":27},"end":{"line":8,"column":57}},"2":{"start":{"line":6,"column":2},"end":{"line":8,"column":57}},"3":{"start":{"line":7,"column":18},"end":{"line":7,"column":26}},"4":{"start":{"line":8,"column":19},"end":{"line":8,"column":56}},"5":{"start":{"line":8,"column":36},"end":{"line":8,"column":55}},"6":{"start":{"line":10,"column":29},"end":{"line":10,"column":90}},"7":{"start":{"line":10,"column":42},"end":{"line":10,"column":90}},"8":{"start":{"line":10,"column":81},"end":{"line":10,"column":89}},"9":{"start":{"line":11,"column":29},"end":{"line":11,"column":104}},"10":{"start":{"line":11,"column":46},"end":{"line":11,"column":104}},"11":{"start":{"line":11,"column":95},"end":{"line":11,"column":103}},"12":{"start":{"line":12,"column":29},"end":{"line":12,"column":67}},"13":{"start":{"line":12,"column":37},"end":{"line":12,"column":67}}},"fnMap":{"0":{"name":"(anonymous_0)","decl":{"start":{"line":5,"column":27},"end":{"line":5,"column":28}},"loc":{"start":{"line":6,"column":2},"end":{"line":8,"column":57}},"line":6},"1":{"name":"(anonymous_1)","decl":{"start":{"line":7,"column":11},"end":{"line":7,"column":14}},"loc":{"start":{"line":7,"column":18},"end":{"line":7,"column":26}},"line":7},"2":{"name":"(anonymous_2)","decl":{"start":{"line":8,"column":11},"end":{"line":8,"column":15}},"loc":{"start":{"line":8,"column":19},"end":{"line":8,"column":56}},"line":8},"3":{"name":"(anonymous_3)","decl":{"start":{"line":8,"column":31},"end":{"line":8,"column":32}},"loc":{"start":{"line":8,"column":36},"end":{"line":8,"column":55}},"line":8},"4":{"name":"(anonymous_4)","decl":{"start":{"line":10,"column":29},"end":{"line":10,"column":30}},"loc":{"start":{"line":10,"column":42},"end":{"line":10,"column":90}},"line":10},"5":{"name":"(anonymous_5)","decl":{"start":{"line":10,"column":74},"end":{"line":10,"column":77}},"loc":{"start":{"line":10,"column":81},"end":{"line":10,"column":89}},"line":10},"6":{"name":"(anonymous_6)","decl":{"start":{"line":11,"column":29},"end":{"line":11,"column":30}},"loc":{"start":{"line":11,"column":46},"end":{"line":11,"column":104}},"line":11},"7":{"name":"(anonymous_7)","decl":{"start":{"line":11,"column":88},"end":{"line":11,"column":91}},"loc":{"start":{"line":11,"column":95},"end":{"line":11,"column":103}},"line":11},"8":{"name":"(anonymous_8)","decl":{"start":{"line":12,"column":29},"end":{"line":12,"column":30}},"loc":{"start":{"line":12,"column":37},"end":{"line":12,"column":67}},"line":12}},"branchMap":{},"s":{"0":1,"1":1,"2":3,"3":2,"4":2,"5":5,"6":1,"7":2,"8":1,"9":1,"10":2,"11":1,"12":1,"13":2},"f":{"0":3,"1":2,"2":2,"3":5,"4":2,"5":1,"6":2,"7":1,"8":2},"b":{},"meta":{"lastBranch":0,"lastFunction":9,"lastStatement":14,"seen":{"s:3:16:3:27":0,"s:5:27:8:57":1,"f:5:27:5:28":0,"s:6:2:8:57":2,"f:7:11:7:14":1,"s:7:18:7:26":3,"f:8:11:8:15":2,"s:8:19:8:56":4,"f:8:31:8:32":3,"s:8:36:8:55":5,"s:10:29:10:90":6,"f:10:29:10:30":4,"s:10:42:10:90":7,"f:10:74:10:77":5,"s:10:81:10:89":8,"s:11:29:11:104":9,"f:11:29:11:30":6,"s:11:46:11:104":10,"f:11:88:11:91":7,"s:11:95:11:103":11,"s:12:29:12:67":12,"f:12:29:12:30":8,"s:12:37:12:67":13}}}
,"D:\\aplicacion\\GuatequeStore\\Frontend\\src\\validators\\registro.validator.js": {"path":"D:\\aplicacion\\GuatequeStore\\Frontend\\src\\validators\\registro.validator.js","statementMap":{"0":{"start":{"line":2,"column":32},"end":{"line":18,"column":null}},"1":{"start":{"line":3,"column":19},"end":{"line":3,"column":21}},"2":{"start":{"line":5,"column":4},"end":{"line":6,"column":51}},"3":{"start":{"line":6,"column":8},"end":{"line":6,"column":51}},"4":{"start":{"line":8,"column":4},"end":{"line":9,"column":40}},"5":{"start":{"line":9,"column":8},"end":{"line":9,"column":40}},"6":{"start":{"line":11,"column":4},"end":{"line":12,"column":75}},"7":{"start":{"line":12,"column":8},"end":{"line":12,"column":75}},"8":{"start":{"line":14,"column":4},"end":{"line":15,"column":56}},"9":{"start":{"line":15,"column":8},"end":{"line":15,"column":56}},"10":{"start":{"line":17,"column":4},"end":{"line":17,"column":18}}},"fnMap":{"0":{"name":"(anonymous_0)","decl":{"start":{"line":2,"column":32},"end":{"line":2,"column":33}},"loc":{"start":{"line":2,"column":72},"end":{"line":18,"column":null}},"line":2}},"branchMap":{"0":{"loc":{"start":{"line":5,"column":4},"end":{"line":6,"column":51}},"type":"if","locations":[{"start":{"line":5,"column":4},"end":{"line":6,"column":51}},{"start":{},"end":{}}],"line":5},"1":{"loc":{"start":{"line":8,"column":4},"end":{"line":9,"column":40}},"type":"if","locations":[{"start":{"line":8,"column":4},"end":{"line":9,"column":40}},{"start":{},"end":{}}],"line":8},"2":{"loc":{"start":{"line":8,"column":29},"end":{"line":8,"column":40}},"type":"binary-expr","locations":[{"start":{"line":8,"column":29},"end":{"line":8,"column":34}},{"start":{"line":8,"column":38},"end":{"line":8,"column":40}}],"line":8},"3":{"loc":{"start":{"line":11,"column":4},"end":{"line":12,"column":75}},"type":"if","locations":[{"start":{"line":11,"column":4},"end":{"line":12,"column":75}},{"start":{},"end":{}}],"line":11},"4":{"loc":{"start":{"line":11,"column":9},"end":{"line":11,"column":23}},"type":"binary-expr","locations":[{"start":{"line":11,"column":9},"end":{"line":11,"column":17}},{"start":{"line":11,"column":21},"end":{"line":11,"column":23}}],"line":11},"5":{"loc":{"start":{"line":14,"column":4},"end":{"line":15,"column":56}},"type":"if","locations":[{"start":{"line":14,"column":4},"end":{"line":15,"column":56}},{"start":{},"end":{}}],"line":14}},"s":{"0":2,"1":24,"2":24,"3":12,"4":24,"5":14,"6":24,"7":12,"8":24,"9":5,"10":24},"f":{"0":24},"b":{"0":[12,12],"1":[14,10],"2":[24,11],"3":[12,12],"4":[24,10],"5":[5,19]},"meta":{"lastBranch":6,"lastFunction":1,"lastStatement":11,"seen":{"s:2:32:18:Infinity":0,"f:2:32:2:33":0,"s:3:19:3:21":1,"b:5:4:6:51:undefined:undefined:undefined:undefined":0,"s:5:4:6:51":2,"s:6:8:6:51":3,"b:8:4:9:40:undefined:undefined:undefined:undefined":1,"s:8:4:9:40":4,"b:8:29:8:34:8:38:8:40":2,"s:9:8:9:40":5,"b:11:4:12:75:undefined:undefined:undefined:undefined":3,"s:11:4:12:75":6,"b:11:9:11:17:11:21:11:23":4,"s:12:8:12:75":7,"b:14:4:15:56:undefined:undefined:undefined:undefined":5,"s:14:4:15:56":8,"s:15:8:15:56":9,"s:17:4:17:18":10}}}
}
